#
# There is insufficient memory for the Java Runtime Environment to continue.
# Native memory allocation (malloc) failed to allocate 1548992 bytes for Chunk::new
# Possible reasons:
#   The system is out of physical RAM or swap space
#   The process is running with CompressedOops enabled, and the Java Heap may be blocking the growth of the native heap
# Possible solutions:
#   Reduce memory load on the system
#   Increase physical memory or swap space
#   Check if swap backing store is full
#   Decrease Java heap size (-Xmx/-Xms)
#   Decrease number of Java threads
#   Decrease Java thread stack sizes (-Xss)
#   Set larger code cache with -XX:ReservedCodeCacheSize=
#   JVM is running with Unscaled Compressed Oops mode in which the Java heap is
#     placed in the first 4GB address space. The Java Heap base address is the
#     maximum limit for the native heap growth. Please use -XX:HeapBaseMinAddress
#     to set the Java Heap base and to place the Java Heap above 4GB virtual address.
# This output file may be truncated or incomplete.
#
#  Out of Memory Error (arena.cpp:189), pid=12020, tid=13608
#
# JRE version: Java(TM) SE Runtime Environment (17.0.9+11) (build 17.0.9+11-LTS-201)
# Java VM: Java HotSpot(TM) 64-Bit Server VM (17.0.9+11-LTS-201, mixed mode, sharing, tiered, compressed oops, compressed class ptrs, g1 gc, windows-amd64)
# No core dump will be written. Minidumps are not enabled by default on client versions of Windows
#

---------------  S U M M A R Y ------------

Command Line: -javaagent:C:\Program Files\JetBrains\IntelliJ IDEA Community Edition 2023.3.2\lib\idea_rt.jar=55720:C:\Program Files\JetBrains\IntelliJ IDEA Community Edition 2023.3.2\bin -Dfile.encoding=UTF-8 com.schedular.SchedularApplication

Host: Intel(R) Core(TM) i3-4005U CPU @ 1.70GHz, 4 cores, 3G,  Windows 11 , 64 bit Build 22000 (10.0.22000.2538)
Time: Fri Apr  5 03:40:14 2024 India Standard Time elapsed time: 240.660695 seconds (0d 0h 4m 0s)

---------------  T H R E A D  ---------------

Current thread (0x000002424221df50):  JavaThread "C2 CompilerThread0" daemon [_thread_in_native, id=13608, stack(0x00000053f3000000,0x00000053f3100000)]


Current CompileTask:
C2: 240661 8383       4       org.springframework.core.annotation.TypeMappedAnnotation::<init> (15 bytes)

Stack: [0x00000053f3000000,0x00000053f3100000]
Native frames: (J=compiled Java code, j=interpreted, Vv=VM code, C=native code)
V  [jvm.dll+0x678a4a]
V  [jvm.dll+0x7d9cfd]
V  [jvm.dll+0x7db60e]
V  [jvm.dll+0x7dbc73]
V  [jvm.dll+0x245e1f]
V  [jvm.dll+0xaaafb]
V  [jvm.dll+0xab09c]
V  [jvm.dll+0x36237e]
V  [jvm.dll+0x32ca01]
V  [jvm.dll+0x32be9a]
V  [jvm.dll+0x21812f]
V  [jvm.dll+0x217561]
V  [jvm.dll+0x1a3bc0]
V  [jvm.dll+0x2272de]
V  [jvm.dll+0x22548b]
V  [jvm.dll+0x78f58c]
V  [jvm.dll+0x78998a]
V  [jvm.dll+0x677875]
C  [ucrtbase.dll+0x26c0c]
C  [KERNEL32.DLL+0x153e0]
C  [ntdll.dll+0x485b]


---------------  P R O C E S S  ---------------

Threads class SMR info:
_java_thread_list=0x0000024289e12240, length=18, elements={
0x0000024225105460, 0x0000024225106a80, 0x000002422511bc00, 0x000002422511c5c0,
0x000002422511d720, 0x000002422511e0e0, 0x000002424221df50, 0x0000024242227d40,
0x000002424223fad0, 0x000002424242b4a0, 0x00000242425524a0, 0x00000242426bfb90,
0x00000242887bfe90, 0x00000242887c17e0, 0x000002428a9b0db0, 0x000002428a9b3630,
0x000002428a9b63c0, 0x000002428a9b68d0
}

Java Threads: ( => current thread )
  0x0000024225105460 JavaThread "Reference Handler" daemon [_thread_blocked, id=17836, stack(0x00000053f2a00000,0x00000053f2b00000)]
  0x0000024225106a80 JavaThread "Finalizer" daemon [_thread_blocked, id=6892, stack(0x00000053f2b00000,0x00000053f2c00000)]
  0x000002422511bc00 JavaThread "Signal Dispatcher" daemon [_thread_blocked, id=5600, stack(0x00000053f2c00000,0x00000053f2d00000)]
  0x000002422511c5c0 JavaThread "Attach Listener" daemon [_thread_blocked, id=15976, stack(0x00000053f2d00000,0x00000053f2e00000)]
  0x000002422511d720 JavaThread "Service Thread" daemon [_thread_blocked, id=11844, stack(0x00000053f2e00000,0x00000053f2f00000)]
  0x000002422511e0e0 JavaThread "Monitor Deflation Thread" daemon [_thread_blocked, id=15600, stack(0x00000053f2f00000,0x00000053f3000000)]
=>0x000002424221df50 JavaThread "C2 CompilerThread0" daemon [_thread_in_native, id=13608, stack(0x00000053f3000000,0x00000053f3100000)]
  0x0000024242227d40 JavaThread "C1 CompilerThread0" daemon [_thread_blocked, id=7612, stack(0x00000053f3100000,0x00000053f3200000)]
  0x000002424223fad0 JavaThread "Sweeper thread" daemon [_thread_blocked, id=10932, stack(0x00000053f3200000,0x00000053f3300000)]
  0x000002424242b4a0 JavaThread "Common-Cleaner" daemon [_thread_blocked, id=14004, stack(0x00000053f3300000,0x00000053f3400000)]
  0x00000242425524a0 JavaThread "Monitor Ctrl-Break" daemon [_thread_in_native, id=18344, stack(0x00000053f3400000,0x00000053f3500000)]
  0x00000242426bfb90 JavaThread "Notification Thread" daemon [_thread_blocked, id=15772, stack(0x00000053f3500000,0x00000053f3600000)]
  0x00000242887bfe90 JavaThread "mysql-cj-abandoned-connection-cleanup" daemon [_thread_blocked, id=15760, stack(0x00000053f3f00000,0x00000053f4000000)]
  0x00000242887c17e0 JavaThread "Live Reload Server" daemon [_thread_in_native, id=1216, stack(0x00000053f4500000,0x00000053f4600000)]
  0x000002428a9b0db0 JavaThread "DestroyJavaVM" [_thread_blocked, id=2860, stack(0x00000053f2300000,0x00000053f2400000)]
  0x000002428a9b3630 JavaThread "Thread-11" [_thread_blocked, id=9128, stack(0x00000053f2100000,0x00000053f2200000)]
  0x000002428a9b63c0 JavaThread "File Watcher" daemon [_thread_blocked, id=2080, stack(0x00000053f2200000,0x00000053f2300000)]
  0x000002428a9b68d0 JavaThread "restartedMain" [_thread_in_Java, id=18200, stack(0x00000053f3a00000,0x00000053f3b00000)]

Other Threads:
  0x00000242251010c0 VMThread "VM Thread" [stack: 0x00000053f2900000,0x00000053f2a00000] [id=796]
  0x00000242424e6e60 WatcherThread [stack: 0x00000053f3600000,0x00000053f3700000] [id=17960]
  0x000002422508c080 GCTaskThread "GC Thread#0" [stack: 0x00000053f2400000,0x00000053f2500000] [id=13316]
  0x0000024242b469f0 GCTaskThread "GC Thread#1" [stack: 0x00000053f3700000,0x00000053f3800000] [id=7948]
  0x0000024242d552f0 GCTaskThread "GC Thread#2" [stack: 0x00000053f3800000,0x00000053f3900000] [id=17888]
  0x0000024242d555b0 GCTaskThread "GC Thread#3" [stack: 0x00000053f3900000,0x00000053f3a00000] [id=8784]
  0x0000024224ffde60 ConcurrentGCThread "G1 Main Marker" [stack: 0x00000053f2500000,0x00000053f2600000] [id=6192]
  0x0000024224ffe780 ConcurrentGCThread "G1 Conc#0" [stack: 0x00000053f2600000,0x00000053f2700000] [id=508]
  0x00000242250dfe40 ConcurrentGCThread "G1 Refine#0" [stack: 0x00000053f2700000,0x00000053f2800000] [id=9696]
  0x00000242250e0870 ConcurrentGCThread "G1 Service" [stack: 0x00000053f2800000,0x00000053f2900000] [id=5300]

Threads with active compile tasks:
C2 CompilerThread0   240749 8383       4       org.springframework.core.annotation.TypeMappedAnnotation::<init> (15 bytes)

VM state: not at safepoint (normal execution)

VM Mutex/Monitor currently owned by a thread: None

Heap address: 0x00000000c1600000, size: 1002 MB, Compressed Oops mode: 32-bit

CDS archive(s) mapped at: [0x0000024243000000-0x0000024243bd0000-0x0000024243bd0000), size 12386304, SharedBaseAddress: 0x0000024243000000, ArchiveRelocationMode: 1.
Compressed class space mapped at: 0x0000024244000000-0x0000024284000000, reserved size: 1073741824
Narrow klass base: 0x0000024243000000, Narrow klass shift: 0, Narrow klass range: 0x100000000

GC Precious Log:
 CPUs: 4 total, 4 available
 Memory: 4000M
 Large Page Support: Disabled
 NUMA Support: Disabled
 Compressed Oops: Enabled (32-bit)
 Heap Region Size: 1M
 Heap Min Capacity: 8M
 Heap Initial Capacity: 64M
 Heap Max Capacity: 1002M
 Pre-touch: Disabled
 Parallel Workers: 4
 Concurrent Workers: 1
 Concurrent Refinement Workers: 4
 Periodic GC: Disabled

Heap:
 garbage-first heap   total 72704K, used 32351K [0x00000000c1600000, 0x0000000100000000)
  region size 1024K, 8 young (8192K), 2 survivors (2048K)
 Metaspace       used 68050K, committed 68608K, reserved 1114112K
  class space    used 9120K, committed 9408K, reserved 1048576K

Heap Regions: E=young(eden), S=young(survivor), O=old, HS=humongous(starts), HC=humongous(continues), CS=collection set, F=free, OA=open archive, CA=closed archive, TAMS=top-at-mark-start (previous, next)
|   0|0x00000000c1600000, 0x00000000c1700000, 0x00000000c1700000|100%|HS|  |TAMS 0x00000000c1700000, 0x00000000c1600000| Untracked 
|   1|0x00000000c1700000, 0x00000000c1800000, 0x00000000c1800000|100%| O|  |TAMS 0x00000000c1800000, 0x00000000c1700000| Untracked 
|   2|0x00000000c1800000, 0x00000000c18fffe8, 0x00000000c1900000| 99%| O|  |TAMS 0x00000000c18fffe8, 0x00000000c1800000| Untracked 
|   3|0x00000000c1900000, 0x00000000c1a00000, 0x00000000c1a00000|100%| O|  |TAMS 0x00000000c1a00000, 0x00000000c1900000| Untracked 
|   4|0x00000000c1a00000, 0x00000000c1b00000, 0x00000000c1b00000|100%| O|  |TAMS 0x00000000c1b00000, 0x00000000c1a00000| Untracked 
|   5|0x00000000c1b00000, 0x00000000c1c00000, 0x00000000c1c00000|100%| O|  |TAMS 0x00000000c1c00000, 0x00000000c1b00000| Untracked 
|   6|0x00000000c1c00000, 0x00000000c1cffff8, 0x00000000c1d00000| 99%| O|  |TAMS 0x00000000c1cffff8, 0x00000000c1c00000| Untracked 
|   7|0x00000000c1d00000, 0x00000000c1dfffa0, 0x00000000c1e00000| 99%| O|  |TAMS 0x00000000c1dfffa0, 0x00000000c1d00000| Untracked 
|   8|0x00000000c1e00000, 0x00000000c1effff8, 0x00000000c1f00000| 99%| O|  |TAMS 0x00000000c1effff8, 0x00000000c1e00000| Untracked 
|   9|0x00000000c1f00000, 0x00000000c1ffffe8, 0x00000000c2000000| 99%| O|  |TAMS 0x00000000c1ffffe8, 0x00000000c1f00000| Untracked 
|  10|0x00000000c2000000, 0x00000000c20fffe0, 0x00000000c2100000| 99%| O|  |TAMS 0x00000000c20fffe0, 0x00000000c2000000| Untracked 
|  11|0x00000000c2100000, 0x00000000c2200000, 0x00000000c2200000|100%| O|  |TAMS 0x00000000c2200000, 0x00000000c2100000| Untracked 
|  12|0x00000000c2200000, 0x00000000c22fffe8, 0x00000000c2300000| 99%| O|  |TAMS 0x00000000c22fffe8, 0x00000000c2200000| Untracked 
|  13|0x00000000c2300000, 0x00000000c23fffe8, 0x00000000c2400000| 99%| O|  |TAMS 0x00000000c23fffe8, 0x00000000c2300000| Untracked 
|  14|0x00000000c2400000, 0x00000000c24fffe8, 0x00000000c2500000| 99%| O|  |TAMS 0x00000000c24fffe8, 0x00000000c2400000| Untracked 
|  15|0x00000000c2500000, 0x00000000c25fffd0, 0x00000000c2600000| 99%| O|  |TAMS 0x00000000c25fffd0, 0x00000000c2500000| Untracked 
|  16|0x00000000c2600000, 0x00000000c26fffa8, 0x00000000c2700000| 99%| O|  |TAMS 0x00000000c26fffa8, 0x00000000c2600000| Untracked 
|  17|0x00000000c2700000, 0x00000000c27ffff0, 0x00000000c2800000| 99%| O|  |TAMS 0x00000000c27ffff0, 0x00000000c2700000| Untracked 
|  18|0x00000000c2800000, 0x00000000c28ffff0, 0x00000000c2900000| 99%| O|  |TAMS 0x00000000c28ffff0, 0x00000000c2800000| Untracked 
|  19|0x00000000c2900000, 0x00000000c29fffe8, 0x00000000c2a00000| 99%| O|  |TAMS 0x00000000c2900000, 0x00000000c2900000| Untracked 
|  20|0x00000000c2a00000, 0x00000000c2afffd0, 0x00000000c2b00000| 99%| O|  |TAMS 0x00000000c2afffd0, 0x00000000c2a00000| Untracked 
|  21|0x00000000c2b00000, 0x00000000c2bfffd0, 0x00000000c2c00000| 99%| O|  |TAMS 0x00000000c2b00000, 0x00000000c2b00000| Untracked 
|  22|0x00000000c2c00000, 0x00000000c2cffff0, 0x00000000c2d00000| 99%| O|  |TAMS 0x00000000c2c00000, 0x00000000c2c00000| Untracked 
|  23|0x00000000c2d00000, 0x00000000c2d68dc8, 0x00000000c2e00000| 40%| O|  |TAMS 0x00000000c2d00000, 0x00000000c2d00000| Untracked 
|  24|0x00000000c2e00000, 0x00000000c2f00000, 0x00000000c2f00000|100%| O|  |TAMS 0x00000000c2e00000, 0x00000000c2e00000| Untracked 
|  25|0x00000000c2f00000, 0x00000000c2f05188, 0x00000000c3000000|  1%| O|  |TAMS 0x00000000c2f00000, 0x00000000c2f00000| Untracked 
|  26|0x00000000c3000000, 0x00000000c3087200, 0x00000000c3100000| 52%| O|  |TAMS 0x00000000c3000000, 0x00000000c3000000| Untracked 
|  27|0x00000000c3100000, 0x00000000c3100000, 0x00000000c3200000|  0%| F|  |TAMS 0x00000000c3100000, 0x00000000c3100000| Untracked 
|  28|0x00000000c3200000, 0x00000000c3200000, 0x00000000c3300000|  0%| F|  |TAMS 0x00000000c3200000, 0x00000000c3200000| Untracked 
|  29|0x00000000c3300000, 0x00000000c33051c0, 0x00000000c3400000|  1%| O|  |TAMS 0x00000000c3300000, 0x00000000c3300000| Untracked 
|  30|0x00000000c3400000, 0x00000000c3400000, 0x00000000c3500000|  0%| F|  |TAMS 0x00000000c3400000, 0x00000000c3400000| Untracked 
|  31|0x00000000c3500000, 0x00000000c3500000, 0x00000000c3600000|  0%| F|  |TAMS 0x00000000c3500000, 0x00000000c3500000| Untracked 
|  32|0x00000000c3600000, 0x00000000c3600000, 0x00000000c3700000|  0%| F|  |TAMS 0x00000000c3600000, 0x00000000c3600000| Untracked 
|  33|0x00000000c3700000, 0x00000000c3700000, 0x00000000c3800000|  0%| F|  |TAMS 0x00000000c3700000, 0x00000000c3700000| Untracked 
|  34|0x00000000c3800000, 0x00000000c3800000, 0x00000000c3900000|  0%| F|  |TAMS 0x00000000c3800000, 0x00000000c3800000| Untracked 
|  35|0x00000000c3900000, 0x00000000c3900000, 0x00000000c3a00000|  0%| F|  |TAMS 0x00000000c3900000, 0x00000000c3900000| Untracked 
|  36|0x00000000c3a00000, 0x00000000c3a00000, 0x00000000c3b00000|  0%| F|  |TAMS 0x00000000c3a00000, 0x00000000c3a00000| Untracked 
|  37|0x00000000c3b00000, 0x00000000c3b00000, 0x00000000c3c00000|  0%| F|  |TAMS 0x00000000c3b00000, 0x00000000c3b00000| Untracked 
|  38|0x00000000c3c00000, 0x00000000c3c00000, 0x00000000c3d00000|  0%| F|  |TAMS 0x00000000c3c00000, 0x00000000c3c00000| Untracked 
|  39|0x00000000c3d00000, 0x00000000c3d00000, 0x00000000c3e00000|  0%| F|  |TAMS 0x00000000c3d00000, 0x00000000c3d00000| Untracked 
|  40|0x00000000c3e00000, 0x00000000c3e00000, 0x00000000c3f00000|  0%| F|  |TAMS 0x00000000c3e00000, 0x00000000c3e00000| Untracked 
|  41|0x00000000c3f00000, 0x00000000c3f00000, 0x00000000c4000000|  0%| F|  |TAMS 0x00000000c3f00000, 0x00000000c3f00000| Untracked 
|  42|0x00000000c4000000, 0x00000000c4000000, 0x00000000c4100000|  0%| F|  |TAMS 0x00000000c4000000, 0x00000000c4000000| Untracked 
|  43|0x00000000c4100000, 0x00000000c419dd00, 0x00000000c4200000| 61%| S|CS|TAMS 0x00000000c4100000, 0x00000000c4100000| Complete 
|  44|0x00000000c4200000, 0x00000000c4300000, 0x00000000c4300000|100%| S|CS|TAMS 0x00000000c4200000, 0x00000000c4200000| Complete 
|  45|0x00000000c4300000, 0x00000000c4300000, 0x00000000c4400000|  0%| F|  |TAMS 0x00000000c4300000, 0x00000000c4300000| Untracked 
|  46|0x00000000c4400000, 0x00000000c4400000, 0x00000000c4500000|  0%| F|  |TAMS 0x00000000c4400000, 0x00000000c4400000| Untracked 
|  47|0x00000000c4500000, 0x00000000c4500000, 0x00000000c4600000|  0%| F|  |TAMS 0x00000000c4500000, 0x00000000c4500000| Untracked 
|  48|0x00000000c4600000, 0x00000000c4600000, 0x00000000c4700000|  0%| F|  |TAMS 0x00000000c4600000, 0x00000000c4600000| Untracked 
|  49|0x00000000c4700000, 0x00000000c4700000, 0x00000000c4800000|  0%| F|  |TAMS 0x00000000c4700000, 0x00000000c4700000| Untracked 
|  50|0x00000000c4800000, 0x00000000c4800000, 0x00000000c4900000|  0%| F|  |TAMS 0x00000000c4800000, 0x00000000c4800000| Untracked 
|  51|0x00000000c4900000, 0x00000000c4900000, 0x00000000c4a00000|  0%| F|  |TAMS 0x00000000c4900000, 0x00000000c4900000| Untracked 
|  52|0x00000000c4a00000, 0x00000000c4a00000, 0x00000000c4b00000|  0%| F|  |TAMS 0x00000000c4a00000, 0x00000000c4a00000| Untracked 
|  53|0x00000000c4b00000, 0x00000000c4b00000, 0x00000000c4c00000|  0%| F|  |TAMS 0x00000000c4b00000, 0x00000000c4b00000| Untracked 
|  54|0x00000000c4c00000, 0x00000000c4c00000, 0x00000000c4d00000|  0%| F|  |TAMS 0x00000000c4c00000, 0x00000000c4c00000| Untracked 
|  55|0x00000000c4d00000, 0x00000000c4d00000, 0x00000000c4e00000|  0%| F|  |TAMS 0x00000000c4d00000, 0x00000000c4d00000| Untracked 
|  56|0x00000000c4e00000, 0x00000000c4e00000, 0x00000000c4f00000|  0%| F|  |TAMS 0x00000000c4e00000, 0x00000000c4e00000| Untracked 
|  57|0x00000000c4f00000, 0x00000000c4f00000, 0x00000000c5000000|  0%| F|  |TAMS 0x00000000c4f00000, 0x00000000c4f00000| Untracked 
|  58|0x00000000c5000000, 0x00000000c5000000, 0x00000000c5100000|  0%| F|  |TAMS 0x00000000c5000000, 0x00000000c5000000| Untracked 
|  59|0x00000000c5100000, 0x00000000c5100000, 0x00000000c5200000|  0%| F|  |TAMS 0x00000000c5100000, 0x00000000c5100000| Untracked 
|  60|0x00000000c5200000, 0x00000000c5200000, 0x00000000c5300000|  0%| F|  |TAMS 0x00000000c5200000, 0x00000000c5200000| Untracked 
|  61|0x00000000c5300000, 0x00000000c5300000, 0x00000000c5400000|  0%| F|  |TAMS 0x00000000c5300000, 0x00000000c5300000| Untracked 
|  62|0x00000000c5400000, 0x00000000c5400000, 0x00000000c5500000|  0%| F|  |TAMS 0x00000000c5400000, 0x00000000c5400000| Untracked 
|  63|0x00000000c5500000, 0x00000000c5500000, 0x00000000c5600000|  0%| F|  |TAMS 0x00000000c5500000, 0x00000000c5500000| Untracked 
|  64|0x00000000c5600000, 0x00000000c5600000, 0x00000000c5700000|  0%| F|  |TAMS 0x00000000c5600000, 0x00000000c5600000| Untracked 
|  65|0x00000000c5700000, 0x00000000c57f0320, 0x00000000c5800000| 93%| E|  |TAMS 0x00000000c5700000, 0x00000000c5700000| Complete 
|  66|0x00000000c5800000, 0x00000000c5900000, 0x00000000c5900000|100%| E|CS|TAMS 0x00000000c5800000, 0x00000000c5800000| Complete 
|  67|0x00000000c5900000, 0x00000000c5a00000, 0x00000000c5a00000|100%| E|CS|TAMS 0x00000000c5900000, 0x00000000c5900000| Complete 
|  68|0x00000000c5a00000, 0x00000000c5b00000, 0x00000000c5b00000|100%| E|CS|TAMS 0x00000000c5a00000, 0x00000000c5a00000| Complete 
|  69|0x00000000c5b00000, 0x00000000c5c00000, 0x00000000c5c00000|100%| E|CS|TAMS 0x00000000c5b00000, 0x00000000c5b00000| Complete 
|  70|0x00000000c5c00000, 0x00000000c5d00000, 0x00000000c5d00000|100%| E|CS|TAMS 0x00000000c5c00000, 0x00000000c5c00000| Complete 

Card table byte_map: [0x000002423d8f0000,0x000002423daf0000] _byte_map_base: 0x000002423d2e5000

Marking Bits (Prev, Next): (CMBitMap*) 0x000002422508c6a0, (CMBitMap*) 0x000002422508c6e0
 Prev Bits: [0x000002423dcf0000, 0x000002423ec98000)
 Next Bits: [0x000002423eca0000, 0x000002423fc48000)

Polling page: 0x0000024225120000

Metaspace:

Usage:
  Non-class:     57.55 MB used.
      Class:      8.91 MB used.
       Both:     66.46 MB used.

Virtual space:
  Non-class space:       64.00 MB reserved,      57.81 MB ( 90%) committed,  1 nodes.
      Class space:        1.00 GB reserved,       9.19 MB ( <1%) committed,  1 nodes.
             Both:        1.06 GB reserved,      67.00 MB (  6%) committed. 

Chunk freelists:
   Non-Class:  5.81 MB
       Class:  6.86 MB
        Both:  12.67 MB

MaxMetaspaceSize: unlimited
CompressedClassSpaceSize: 1.00 GB
Initial GC threshold: 21.00 MB
Current GC threshold: 110.56 MB
CDS: on
MetaspaceReclaimPolicy: balanced
 - commit_granule_bytes: 65536.
 - commit_granule_words: 8192.
 - virtual_space_node_default_size: 8388608.
 - enlarge_chunks_in_place: 1.
 - new_chunks_are_fully_committed: 0.
 - uncommit_free_chunks: 1.
 - use_allocation_guard: 0.
 - handle_deallocations: 1.


Internal statistics:

num_allocs_failed_limit: 11.
num_arena_births: 754.
num_arena_deaths: 4.
num_vsnodes_births: 2.
num_vsnodes_deaths: 0.
num_space_committed: 1072.
num_space_uncommitted: 0.
num_chunks_returned_to_freelist: 15.
num_chunks_taken_from_freelist: 3200.
num_chunk_merges: 11.
num_chunk_splits: 2272.
num_chunks_enlarged: 1734.
num_inconsistent_stats: 0.

CodeHeap 'non-profiled nmethods': size=120000Kb used=4985Kb max_used=4985Kb free=115014Kb
 bounds [0x0000024235b90000, 0x0000024236070000, 0x000002423d0c0000]
CodeHeap 'profiled nmethods': size=120000Kb used=14405Kb max_used=14405Kb free=105594Kb
 bounds [0x000002422e0c0000, 0x000002422eee0000, 0x00000242355f0000]
CodeHeap 'non-nmethods': size=5760Kb used=1350Kb max_used=1403Kb free=4409Kb
 bounds [0x00000242355f0000, 0x0000024235860000, 0x0000024235b90000]
 total_blobs=8162 nmethods=7487 adapters=586
 compilation: enabled
              stopped_count=0, restarted_count=0
 full_count=0

Compilation events (20 events):
Event: 240.113 Thread 0x0000024242227d40 8392       3       java.util.ArrayList::clear (43 bytes)
Event: 240.114 Thread 0x0000024242227d40 nmethod 8392 0x000002422eebce10 code [0x000002422eebcfc0, 0x000002422eebd338]
Event: 240.164 Thread 0x0000024242227d40 8394       3       org.springframework.boot.autoconfigure.condition.ConditionMessage::andCondition (46 bytes)
Event: 240.170 Thread 0x0000024242227d40 nmethod 8394 0x000002422eebd490 code [0x000002422eebd8a0, 0x000002422eebfae8]
Event: 240.170 Thread 0x0000024242227d40 8395       3       org.springframework.boot.autoconfigure.condition.ConditionMessage$Builder::because (59 bytes)
Event: 240.183 Thread 0x0000024242227d40 nmethod 8395 0x000002422eec0710 code [0x000002422eec0f40, 0x000002422eec6998]
Event: 240.390 Thread 0x0000024242227d40 8397       3       org.springframework.util.StringUtils::commaDelimitedListToSet (17 bytes)
Event: 240.391 Thread 0x0000024242227d40 nmethod 8397 0x000002422eec8590 code [0x000002422eec8800, 0x000002422eec90f8]
Event: 240.391 Thread 0x0000024242227d40 8400       3       java.util.TreeMap$PrivateEntryIterator::hasNext (13 bytes)
Event: 240.392 Thread 0x0000024242227d40 nmethod 8400 0x000002422eec9490 code [0x000002422eec9620, 0x000002422eec9798]
Event: 240.392 Thread 0x0000024242227d40 8398       3       java.util.ComparableTimSort::binarySort (223 bytes)
Event: 240.393 Thread 0x0000024242227d40 nmethod 8398 0x000002422eec9810 code [0x000002422eec9a40, 0x000002422eeca658]
Event: 240.446 Thread 0x0000024242227d40 8402   !   3       org.springframework.beans.BeanUtils::instantiateClass (83 bytes)
Event: 240.447 Thread 0x0000024242227d40 nmethod 8402 0x000002422eeca990 code [0x000002422eecac00, 0x000002422eecb5d8]
Event: 240.458 Thread 0x0000024242227d40 8403       3       org.springframework.context.annotation.ConfigurationClassParser$SourceClass::loadClass (54 bytes)
Event: 240.459 Thread 0x0000024242227d40 nmethod 8403 0x000002422eecba10 code [0x000002422eecbc00, 0x000002422eecc2a8]
Event: 240.460 Thread 0x0000024242227d40 8404       3       org.springframework.boot.autoconfigure.condition.ConditionMessage$ItemsBuilder::atAll (8 bytes)
Event: 240.460 Thread 0x0000024242227d40 nmethod 8404 0x000002422eecc490 code [0x000002422eecc640, 0x000002422eecc868]
Event: 240.502 Thread 0x0000024242227d40 8405       3       org.springframework.context.annotation.ConfigurationClassParser$SourceClass::getOrder (22 bytes)
Event: 240.503 Thread 0x0000024242227d40 nmethod 8405 0x000002422eecc990 code [0x000002422eeccb80, 0x000002422eecd188]

GC Heap History (20 events):
Event: 56.703 GC heap before
{Heap before GC invocations=26 (full 1):
 garbage-first heap   total 55296K, used 39450K [0x00000000c1600000, 0x0000000100000000)
  region size 1024K, 13 young (13312K), 1 survivors (1024K)
 Metaspace       used 64520K, committed 65088K, reserved 1114112K
  class space    used 8769K, committed 9024K, reserved 1048576K
}
Event: 56.710 GC heap after
{Heap after GC invocations=27 (full 1):
 garbage-first heap   total 55296K, used 28379K [0x00000000c1600000, 0x0000000100000000)
  region size 1024K, 2 young (2048K), 2 survivors (2048K)
 Metaspace       used 64520K, committed 65088K, reserved 1114112K
  class space    used 8769K, committed 9024K, reserved 1048576K
}
Event: 57.308 GC heap before
{Heap before GC invocations=27 (full 1):
 garbage-first heap   total 55296K, used 41691K [0x00000000c1600000, 0x0000000100000000)
  region size 1024K, 16 young (16384K), 2 survivors (2048K)
 Metaspace       used 66140K, committed 66688K, reserved 1114112K
  class space    used 8950K, committed 9216K, reserved 1048576K
}
Event: 57.319 GC heap after
{Heap after GC invocations=28 (full 1):
 garbage-first heap   total 55296K, used 29709K [0x00000000c1600000, 0x0000000100000000)
  region size 1024K, 2 young (2048K), 2 survivors (2048K)
 Metaspace       used 66140K, committed 66688K, reserved 1114112K
  class space    used 8950K, committed 9216K, reserved 1048576K
}
Event: 57.880 GC heap before
{Heap before GC invocations=29 (full 1):
 garbage-first heap   total 60416K, used 41997K [0x00000000c1600000, 0x0000000100000000)
  region size 1024K, 14 young (14336K), 2 survivors (2048K)
 Metaspace       used 66665K, committed 67200K, reserved 1114112K
  class space    used 9043K, committed 9280K, reserved 1048576K
}
Event: 57.889 GC heap after
{Heap after GC invocations=30 (full 1):
 garbage-first heap   total 60416K, used 30461K [0x00000000c1600000, 0x0000000100000000)
  region size 1024K, 1 young (1024K), 1 survivors (1024K)
 Metaspace       used 66665K, committed 67200K, reserved 1114112K
  class space    used 9043K, committed 9280K, reserved 1048576K
}
Event: 133.608 GC heap before
{Heap before GC invocations=30 (full 1):
 garbage-first heap   total 60416K, used 33533K [0x00000000c1600000, 0x0000000100000000)
  region size 1024K, 5 young (5120K), 1 survivors (1024K)
 Metaspace       used 66735K, committed 67264K, reserved 1114112K
  class space    used 9045K, committed 9280K, reserved 1048576K
}
Event: 134.374 GC heap after
{Heap after GC invocations=31 (full 2):
 garbage-first heap   total 60416K, used 24815K [0x00000000c1600000, 0x0000000100000000)
  region size 1024K, 0 young (0K), 0 survivors (0K)
 Metaspace       used 66732K, committed 67264K, reserved 1114112K
  class space    used 9044K, committed 9280K, reserved 1048576K
}
Event: 135.769 GC heap before
{Heap before GC invocations=31 (full 2):
 garbage-first heap   total 60416K, used 47343K [0x00000000c1600000, 0x0000000100000000)
  region size 1024K, 22 young (22528K), 0 survivors (0K)
 Metaspace       used 66870K, committed 67392K, reserved 1114112K
  class space    used 9050K, committed 9280K, reserved 1048576K
}
Event: 135.782 GC heap after
{Heap after GC invocations=32 (full 2):
 garbage-first heap   total 60416K, used 26819K [0x00000000c1600000, 0x0000000100000000)
  region size 1024K, 2 young (2048K), 2 survivors (2048K)
 Metaspace       used 66870K, committed 67392K, reserved 1114112K
  class space    used 9050K, committed 9280K, reserved 1048576K
}
Event: 136.707 GC heap before
{Heap before GC invocations=32 (full 2):
 garbage-first heap   total 60416K, used 47299K [0x00000000c1600000, 0x0000000100000000)
  region size 1024K, 22 young (22528K), 2 survivors (2048K)
 Metaspace       used 67036K, committed 67648K, reserved 1114112K
  class space    used 9053K, committed 9344K, reserved 1048576K
}
Event: 136.718 GC heap after
{Heap after GC invocations=33 (full 2):
 garbage-first heap   total 60416K, used 28323K [0x00000000c1600000, 0x0000000100000000)
  region size 1024K, 2 young (2048K), 2 survivors (2048K)
 Metaspace       used 67036K, committed 67648K, reserved 1114112K
  class space    used 9053K, committed 9344K, reserved 1048576K
}
Event: 138.759 GC heap before
{Heap before GC invocations=33 (full 2):
 garbage-first heap   total 60416K, used 46755K [0x00000000c1600000, 0x0000000100000000)
  region size 1024K, 20 young (20480K), 2 survivors (2048K)
 Metaspace       used 67326K, committed 67904K, reserved 1114112K
  class space    used 9069K, committed 9344K, reserved 1048576K
}
Event: 138.774 GC heap after
{Heap after GC invocations=34 (full 2):
 garbage-first heap   total 72704K, used 29995K [0x00000000c1600000, 0x0000000100000000)
  region size 1024K, 2 young (2048K), 2 survivors (2048K)
 Metaspace       used 67326K, committed 67904K, reserved 1114112K
  class space    used 9069K, committed 9344K, reserved 1048576K
}
Event: 214.680 GC heap before
{Heap before GC invocations=35 (full 2):
 garbage-first heap   total 72704K, used 42283K [0x00000000c1600000, 0x0000000100000000)
  region size 1024K, 15 young (15360K), 2 survivors (2048K)
 Metaspace       used 67412K, committed 67968K, reserved 1114112K
  class space    used 9071K, committed 9344K, reserved 1048576K
}
Event: 215.606 GC heap after
{Heap after GC invocations=36 (full 3):
 garbage-first heap   total 72704K, used 25035K [0x00000000c1600000, 0x0000000100000000)
  region size 1024K, 0 young (0K), 0 survivors (0K)
 Metaspace       used 67409K, committed 67968K, reserved 1114112K
  class space    used 9070K, committed 9344K, reserved 1048576K
}
Event: 220.557 GC heap before
{Heap before GC invocations=36 (full 3):
 garbage-first heap   total 72704K, used 53707K [0x00000000c1600000, 0x0000000100000000)
  region size 1024K, 28 young (28672K), 0 survivors (0K)
 Metaspace       used 67523K, committed 68096K, reserved 1114112K
  class space    used 9077K, committed 9344K, reserved 1048576K
}
Event: 220.568 GC heap after
{Heap after GC invocations=37 (full 3):
 garbage-first heap   total 72704K, used 27810K [0x00000000c1600000, 0x0000000100000000)
  region size 1024K, 3 young (3072K), 3 survivors (3072K)
 Metaspace       used 67523K, committed 68096K, reserved 1114112K
  class space    used 9077K, committed 9344K, reserved 1048576K
}
Event: 240.376 GC heap before
{Heap before GC invocations=37 (full 3):
 garbage-first heap   total 72704K, used 54434K [0x00000000c1600000, 0x0000000100000000)
  region size 1024K, 29 young (29696K), 3 survivors (3072K)
 Metaspace       used 68046K, committed 68608K, reserved 1114112K
  class space    used 9119K, committed 9408K, reserved 1048576K
}
Event: 240.383 GC heap after
{Heap after GC invocations=38 (full 3):
 garbage-first heap   total 72704K, used 27231K [0x00000000c1600000, 0x0000000100000000)
  region size 1024K, 2 young (2048K), 2 survivors (2048K)
 Metaspace       used 68046K, committed 68608K, reserved 1114112K
  class space    used 9119K, committed 9408K, reserved 1048576K
}

Deoptimization events (20 events):
Event: 222.973 Thread 0x000002428a9b1ce0 Uncommon trap: trap_request=0x00000009 fr.pc=0x0000024235f9e38c relative=0x0000000000003f8c
Event: 222.973 Thread 0x000002428a9b1ce0 Uncommon trap: reason=unloaded action=reinterpret pc=0x0000024235f9e38c method=org.springframework.util.ReflectionUtils.getDeclaredMethods(Ljava/lang/Class;Z)[Ljava/lang/reflect/Method; @ 140 c2
Event: 222.973 Thread 0x000002428a9b1ce0 DEOPT PACKING pc=0x0000024235f9e38c sp=0x00000053f22fd950
Event: 222.973 Thread 0x000002428a9b1ce0 DEOPT UNPACKING pc=0x00000242356423a3 sp=0x00000053f22fd968 mode 2
Event: 239.959 Thread 0x000002428a9b68d0 Uncommon trap: trap_request=0xffffffbe fr.pc=0x0000024236021500 relative=0x0000000000000260
Event: 239.959 Thread 0x000002428a9b68d0 Uncommon trap: reason=profile_predicate action=maybe_recompile pc=0x0000024236021500 method=java.util.HashMap.keysToArray([Ljava/lang/Object;)[Ljava/lang/Object; @ 36 c2
Event: 239.959 Thread 0x000002428a9b68d0 DEOPT PACKING pc=0x0000024236021500 sp=0x00000053f3afdd60
Event: 239.960 Thread 0x000002428a9b68d0 DEOPT UNPACKING pc=0x00000242356423a3 sp=0x00000053f3afdd00 mode 2
Event: 239.960 Thread 0x000002428a9b68d0 Uncommon trap: trap_request=0xffffffbe fr.pc=0x0000024236021500 relative=0x0000000000000260
Event: 239.960 Thread 0x000002428a9b68d0 Uncommon trap: reason=profile_predicate action=maybe_recompile pc=0x0000024236021500 method=java.util.HashMap.keysToArray([Ljava/lang/Object;)[Ljava/lang/Object; @ 36 c2
Event: 239.960 Thread 0x000002428a9b68d0 DEOPT PACKING pc=0x0000024236021500 sp=0x00000053f3afdad0
Event: 239.960 Thread 0x000002428a9b68d0 DEOPT UNPACKING pc=0x00000242356423a3 sp=0x00000053f3afda70 mode 2
Event: 239.961 Thread 0x000002428a9b68d0 Uncommon trap: trap_request=0xffffffbe fr.pc=0x0000024236021500 relative=0x0000000000000260
Event: 239.961 Thread 0x000002428a9b68d0 Uncommon trap: reason=profile_predicate action=maybe_recompile pc=0x0000024236021500 method=java.util.HashMap.keysToArray([Ljava/lang/Object;)[Ljava/lang/Object; @ 36 c2
Event: 239.961 Thread 0x000002428a9b68d0 DEOPT PACKING pc=0x0000024236021500 sp=0x00000053f3afdb60
Event: 239.961 Thread 0x000002428a9b68d0 DEOPT UNPACKING pc=0x00000242356423a3 sp=0x00000053f3afdb00 mode 2
Event: 239.961 Thread 0x000002428a9b68d0 Uncommon trap: trap_request=0xffffffbe fr.pc=0x0000024236021500 relative=0x0000000000000260
Event: 239.961 Thread 0x000002428a9b68d0 Uncommon trap: reason=profile_predicate action=maybe_recompile pc=0x0000024236021500 method=java.util.HashMap.keysToArray([Ljava/lang/Object;)[Ljava/lang/Object; @ 36 c2
Event: 239.961 Thread 0x000002428a9b68d0 DEOPT PACKING pc=0x0000024236021500 sp=0x00000053f3afda90
Event: 239.961 Thread 0x000002428a9b68d0 DEOPT UNPACKING pc=0x00000242356423a3 sp=0x00000053f3afda30 mode 2

Classes unloaded (2 events):
Event: 133.749 Thread 0x00000242251010c0 Unloading class 0x00000242448b4000 'org/apache/catalina/loader/JdbcLeakPrevention'
Event: 214.826 Thread 0x00000242251010c0 Unloading class 0x000002424490c000 'org/apache/catalina/loader/JdbcLeakPrevention'

Classes redefined (0 events):
No events

Internal exceptions (20 events):
Event: 223.034 Thread 0x000002428a9b2700 Exception <a 'java/io/IOException'{0x00000000c4a9e4f0}> (0x00000000c4a9e4f0) 
thrown [s\open\src\hotspot\share\prims\jni.cpp, line 516]
Event: 223.035 Thread 0x000002428a9b2700 Exception <a 'java/io/IOException'{0x00000000c4a9f030}> (0x00000000c4a9f030) 
thrown [s\open\src\hotspot\share\prims\jni.cpp, line 516]
Event: 223.036 Thread 0x000002428a9b2700 Exception <a 'java/io/IOException'{0x00000000c4aa18b8}> (0x00000000c4aa18b8) 
thrown [s\open\src\hotspot\share\prims\jni.cpp, line 516]
Event: 223.036 Thread 0x000002428a9b2700 Exception <a 'java/io/IOException'{0x00000000c4aa23f8}> (0x00000000c4aa23f8) 
thrown [s\open\src\hotspot\share\prims\jni.cpp, line 516]
Event: 223.037 Thread 0x000002428a9b2700 Exception <a 'java/io/IOException'{0x00000000c4aa51a8}> (0x00000000c4aa51a8) 
thrown [s\open\src\hotspot\share\prims\jni.cpp, line 516]
Event: 223.038 Thread 0x000002428a9b2700 Exception <a 'java/io/IOException'{0x00000000c4aa7a30}> (0x00000000c4aa7a30) 
thrown [s\open\src\hotspot\share\prims\jni.cpp, line 516]
Event: 223.040 Thread 0x000002428a9b2700 Exception <a 'java/io/IOException'{0x00000000c4aa8570}> (0x00000000c4aa8570) 
thrown [s\open\src\hotspot\share\prims\jni.cpp, line 516]
Event: 223.041 Thread 0x000002428a9b2700 Exception <a 'java/net/SocketException'{0x00000000c4aab2d0}: Connection reset by peer: shutdown> (0x00000000c4aab2d0) 
thrown [s\open\src\hotspot\share\prims\jni.cpp, line 535]
Event: 223.041 Thread 0x000002428a9b2700 Exception <a 'java/io/IOException'{0x00000000c4aac7e0}> (0x00000000c4aac7e0) 
thrown [s\open\src\hotspot\share\prims\jni.cpp, line 516]
Event: 223.042 Thread 0x000002428a9b2700 Exception <a 'java/io/IOException'{0x00000000c4aad320}> (0x00000000c4aad320) 
thrown [s\open\src\hotspot\share\prims\jni.cpp, line 516]
Event: 223.042 Thread 0x000002428a9b2700 Exception <a 'java/io/IOException'{0x00000000c4ab00d0}> (0x00000000c4ab00d0) 
thrown [s\open\src\hotspot\share\prims\jni.cpp, line 516]
Event: 223.044 Thread 0x000002428a9b2700 Exception <a 'java/io/IOException'{0x00000000c4ab2958}> (0x00000000c4ab2958) 
thrown [s\open\src\hotspot\share\prims\jni.cpp, line 516]
Event: 223.044 Thread 0x000002428a9b2700 Exception <a 'java/io/IOException'{0x00000000c4ab3498}> (0x00000000c4ab3498) 
thrown [s\open\src\hotspot\share\prims\jni.cpp, line 516]
Event: 223.053 Thread 0x000002428a9b2700 Exception <a 'java/io/IOException'{0x00000000c4ab5d40}> (0x00000000c4ab5d40) 
thrown [s\open\src\hotspot\share\prims\jni.cpp, line 516]
Event: 223.053 Thread 0x000002428a9b2700 Exception <a 'java/io/IOException'{0x00000000c4ab6880}> (0x00000000c4ab6880) 
thrown [s\open\src\hotspot\share\prims\jni.cpp, line 516]
Event: 223.059 Thread 0x000002428a9afe80 Exception <a 'java/lang/InterruptedException'{0x00000000c4adc690}: sleep interrupted> (0x00000000c4adc690) 
thrown [s\open\src\hotspot\share\prims\jvm.cpp, line 3064]
Event: 223.189 Thread 0x000002428a9b1ce0 Exception <a 'java/lang/NoClassDefFoundError'{0x00000000c49c2850}: liquibase/exception/ChangeLogParseException> (0x00000000c49c2850) 
thrown [s\open\src\hotspot\share\classfile\systemDictionary.cpp, line 245]
Event: 223.302 Thread 0x000002428a9b1ce0 Exception <a 'java/lang/reflect/InvocationTargetException'{0x00000000c48850c0}> (0x00000000c48850c0) 
thrown [s\open\src\hotspot\share\runtime\reflection.cpp, line 1121]
Event: 239.703 Thread 0x000002428a9b68d0 Exception <a 'sun/nio/fs/WindowsException'{0x00000000c4768620}> (0x00000000c4768620) 
thrown [s\open\src\hotspot\share\prims\jni.cpp, line 516]
Event: 240.095 Thread 0x000002428a9b68d0 Exception <a 'sun/nio/fs/WindowsException'{0x00000000c45869c0}> (0x00000000c45869c0) 
thrown [s\open\src\hotspot\share\prims\jni.cpp, line 516]

VM Operations (20 events):
Event: 214.677 Executing VM operation: G1CollectFull
Event: 215.615 Executing VM operation: G1CollectFull done
Event: 217.638 Executing VM operation: Cleanup
Event: 217.638 Executing VM operation: Cleanup done
Event: 218.653 Executing VM operation: Cleanup
Event: 218.671 Executing VM operation: Cleanup done
Event: 219.683 Executing VM operation: Cleanup
Event: 219.714 Executing VM operation: Cleanup done
Event: 220.556 Executing VM operation: G1CollectForAllocation
Event: 220.568 Executing VM operation: G1CollectForAllocation done
Event: 221.575 Executing VM operation: Cleanup
Event: 221.670 Executing VM operation: Cleanup done
Event: 222.675 Executing VM operation: Cleanup
Event: 222.676 Executing VM operation: Cleanup done
Event: 223.680 Executing VM operation: Cleanup
Event: 223.681 Executing VM operation: Cleanup done
Event: 239.852 Executing VM operation: Cleanup
Event: 239.948 Executing VM operation: Cleanup done
Event: 240.376 Executing VM operation: G1CollectForAllocation
Event: 240.383 Executing VM operation: G1CollectForAllocation done

Events (20 events):
Event: 215.720 Thread 0x000002428a9b1ce0 Thread added: 0x000002428a9b1ce0
Event: 217.246 Thread 0x000002428a9b2700 Thread added: 0x000002428a9b2700
Event: 217.311 Thread 0x000002428a9b2700 Thread exited: 0x000002428a9b2700
Event: 220.890 Thread 0x000002428a9b12c0 Thread added: 0x000002428a9b12c0
Event: 220.891 Thread 0x000002428a9b63c0 Thread added: 0x000002428a9b63c0
Event: 220.891 Thread 0x000002428a9afe80 Thread added: 0x000002428a9afe80
Event: 221.489 Thread 0x000002428a9b0390 Thread added: 0x000002428a9b0390
Event: 221.669 Thread 0x000002428a9b68d0 Thread added: 0x000002428a9b68d0
Event: 222.977 Thread 0x000002428a9b2700 Thread added: 0x000002428a9b2700
Event: 223.049 Thread 0x000002428a9b68d0 Thread exited: 0x000002428a9b68d0
Event: 223.050 Thread 0x000002428a9b0390 Thread exited: 0x000002428a9b0390
Event: 223.054 Thread 0x000002428a9b2700 Thread exited: 0x000002428a9b2700
Event: 223.059 Thread 0x000002428a9afe80 Thread exited: 0x000002428a9afe80
Event: 223.060 Thread 0x000002428a9b63c0 Thread exited: 0x000002428a9b63c0
Event: 223.060 Thread 0x000002428a9b12c0 Thread exited: 0x000002428a9b12c0
Event: 223.302 Thread 0x000002428a9b1ce0 Thread exited: 0x000002428a9b1ce0
Event: 223.304 Thread 0x000002428a9b63c0 Thread added: 0x000002428a9b63c0
Event: 239.680 Thread 0x000002428a9b68d0 Thread added: 0x000002428a9b68d0
Event: 240.158 Thread 0x000002428a9b21f0 Thread added: 0x000002428a9b21f0
Event: 240.370 Thread 0x000002428a9b21f0 Thread exited: 0x000002428a9b21f0


Dynamic libraries:
0x00007ff636a60000 - 0x00007ff636a70000 	C:\Program Files\Java\jdk-17.0.9_windows-x64_bin\jdk-17.0.9\bin\java.exe
0x00007ffdf2680000 - 0x00007ffdf2889000 	C:\Windows\SYSTEM32\ntdll.dll
0x00007ffdf1540000 - 0x00007ffdf15fd000 	C:\Windows\System32\KERNEL32.DLL
0x00007ffdeff30000 - 0x00007ffdf02b4000 	C:\Windows\System32\KERNELBASE.dll
0x00007ffdefb10000 - 0x00007ffdefc21000 	C:\Windows\System32\ucrtbase.dll
0x00007ffde7810000 - 0x00007ffde7829000 	C:\Program Files\Java\jdk-17.0.9_windows-x64_bin\jdk-17.0.9\bin\jli.dll
0x00007ffdf0650000 - 0x00007ffdf06fe000 	C:\Windows\System32\ADVAPI32.dll
0x00007ffdf1980000 - 0x00007ffdf1a23000 	C:\Windows\System32\msvcrt.dll
0x00007ffdf21f0000 - 0x00007ffdf228e000 	C:\Windows\System32\sechost.dll
0x00007ffdf17e0000 - 0x00007ffdf1901000 	C:\Windows\System32\RPCRT4.dll
0x00007ffdf1b50000 - 0x00007ffdf1cfd000 	C:\Windows\System32\USER32.dll
0x00007ffdf03e0000 - 0x00007ffdf0406000 	C:\Windows\System32\win32u.dll
0x00007ffdf2610000 - 0x00007ffdf263a000 	C:\Windows\System32\GDI32.dll
0x00007ffdf02c0000 - 0x00007ffdf03de000 	C:\Windows\System32\gdi32full.dll
0x00007ffdefe90000 - 0x00007ffdeff2d000 	C:\Windows\System32\msvcp_win.dll
0x00007ffddfd60000 - 0x00007ffde0005000 	C:\Windows\WinSxS\amd64_microsoft.windows.common-controls_6595b64144ccf1df_6.0.22000.120_none_9d947278b86cc467\COMCTL32.dll
0x00007ffde8ba0000 - 0x00007ffde8baa000 	C:\Windows\SYSTEM32\VERSION.dll
0x00007ffde92e0000 - 0x00007ffde92fb000 	C:\Program Files\Java\jdk-17.0.9_windows-x64_bin\jdk-17.0.9\bin\VCRUNTIME140.dll
0x00007ffdf1600000 - 0x00007ffdf1631000 	C:\Windows\System32\IMM32.DLL
0x00007ffdeb9e0000 - 0x00007ffdeb9ec000 	C:\Program Files\Java\jdk-17.0.9_windows-x64_bin\jdk-17.0.9\bin\vcruntime140_1.dll
0x00007ffdcda60000 - 0x00007ffdcdaee000 	C:\Program Files\Java\jdk-17.0.9_windows-x64_bin\jdk-17.0.9\bin\msvcp140.dll
0x00007ffdb19c0000 - 0x00007ffdb25a1000 	C:\Program Files\Java\jdk-17.0.9_windows-x64_bin\jdk-17.0.9\bin\server\jvm.dll
0x00007ffdf0ff0000 - 0x00007ffdf0ff8000 	C:\Windows\System32\PSAPI.DLL
0x00007ffddd3c0000 - 0x00007ffddd3c9000 	C:\Windows\SYSTEM32\WSOCK32.dll
0x00007ffdf1910000 - 0x00007ffdf197f000 	C:\Windows\System32\WS2_32.dll
0x00007ffde9120000 - 0x00007ffde9153000 	C:\Windows\SYSTEM32\WINMM.dll
0x00007ffdeeb80000 - 0x00007ffdeeb98000 	C:\Windows\SYSTEM32\kernel.appcore.dll
0x00007ffdeb590000 - 0x00007ffdeb59a000 	C:\Program Files\Java\jdk-17.0.9_windows-x64_bin\jdk-17.0.9\bin\jimage.dll
0x00007ffddd4a0000 - 0x00007ffddd6c1000 	C:\Windows\SYSTEM32\DBGHELP.DLL
0x00007ffddd1b0000 - 0x00007ffddd1e1000 	C:\Windows\SYSTEM32\dbgcore.DLL
0x00007ffdefc30000 - 0x00007ffdefcaf000 	C:\Windows\System32\bcryptPrimitives.dll
0x00007ffde9310000 - 0x00007ffde931e000 	C:\Program Files\Java\jdk-17.0.9_windows-x64_bin\jdk-17.0.9\bin\instrument.dll
0x00007ffdd84d0000 - 0x00007ffdd84f5000 	C:\Program Files\Java\jdk-17.0.9_windows-x64_bin\jdk-17.0.9\bin\java.dll
0x00007ffdc7310000 - 0x00007ffdc73e7000 	C:\Program Files\Java\jdk-17.0.9_windows-x64_bin\jdk-17.0.9\bin\jsvml.dll
0x00007ffdf0820000 - 0x00007ffdf0fe5000 	C:\Windows\System32\SHELL32.dll
0x00007ffdedbe0000 - 0x00007ffdee442000 	C:\Windows\SYSTEM32\windows.storage.dll
0x00007ffdf2290000 - 0x00007ffdf2606000 	C:\Windows\System32\combase.dll
0x00007ffdeda70000 - 0x00007ffdedbd7000 	C:\Windows\SYSTEM32\wintypes.dll
0x00007ffdf1390000 - 0x00007ffdf147a000 	C:\Windows\System32\SHCORE.dll
0x00007ffdf10f0000 - 0x00007ffdf114d000 	C:\Windows\System32\shlwapi.dll
0x00007ffdefa40000 - 0x00007ffdefa65000 	C:\Windows\SYSTEM32\profapi.dll
0x00007ffdd82d0000 - 0x00007ffdd82e8000 	C:\Program Files\Java\jdk-17.0.9_windows-x64_bin\jdk-17.0.9\bin\zip.dll
0x00007ffde4020000 - 0x00007ffde4039000 	C:\Program Files\Java\jdk-17.0.9_windows-x64_bin\jdk-17.0.9\bin\net.dll
0x00007ffdea3f0000 - 0x00007ffdea504000 	C:\Windows\SYSTEM32\WINHTTP.dll
0x00007ffdef030000 - 0x00007ffdef097000 	C:\Windows\system32\mswsock.dll
0x00007ffde3dd0000 - 0x00007ffde3de6000 	C:\Program Files\Java\jdk-17.0.9_windows-x64_bin\jdk-17.0.9\bin\nio.dll
0x00007ffde0090000 - 0x00007ffde00aa000 	C:\Program Files\JetBrains\IntelliJ IDEA Community Edition 2023.3.2\bin\breakgen64.dll
0x00007ffde0080000 - 0x00007ffde008a000 	C:\Program Files\Java\jdk-17.0.9_windows-x64_bin\jdk-17.0.9\bin\management.dll
0x00007ffdddf40000 - 0x00007ffdddf4b000 	C:\Program Files\Java\jdk-17.0.9_windows-x64_bin\jdk-17.0.9\bin\management_ext.dll
0x00007ffde3d60000 - 0x00007ffde3d6e000 	C:\Program Files\Java\jdk-17.0.9_windows-x64_bin\jdk-17.0.9\bin\sunmscapi.dll
0x00007ffdefd20000 - 0x00007ffdefe82000 	C:\Windows\System32\CRYPT32.dll
0x00007ffdef3c0000 - 0x00007ffdef3e8000 	C:\Windows\SYSTEM32\ncrypt.dll
0x00007ffdef380000 - 0x00007ffdef3b7000 	C:\Windows\SYSTEM32\NTASN1.dll
0x00007ffdef270000 - 0x00007ffdef288000 	C:\Windows\SYSTEM32\CRYPTSP.dll
0x00007ffdeeae0000 - 0x00007ffdeeb15000 	C:\Windows\system32\rsaenh.dll
0x00007ffdef120000 - 0x00007ffdef14c000 	C:\Windows\SYSTEM32\USERENV.dll
0x00007ffdef3f0000 - 0x00007ffdef417000 	C:\Windows\SYSTEM32\bcrypt.dll
0x00007ffdef290000 - 0x00007ffdef29c000 	C:\Windows\SYSTEM32\CRYPTBASE.dll
0x00007ffdee6a0000 - 0x00007ffdee6cd000 	C:\Windows\SYSTEM32\IPHLPAPI.DLL
0x00007ffdf1480000 - 0x00007ffdf1489000 	C:\Windows\System32\NSI.dll
0x00007ffde99f0000 - 0x00007ffde9a09000 	C:\Windows\SYSTEM32\dhcpcsvc6.DLL
0x00007ffdea9d0000 - 0x00007ffdea9ee000 	C:\Windows\SYSTEM32\dhcpcsvc.DLL
0x00007ffdee6d0000 - 0x00007ffdee7b7000 	C:\Windows\SYSTEM32\DNSAPI.dll
0x00007ffde3e40000 - 0x00007ffde3e50000 	C:\Program Files\Java\jdk-17.0.9_windows-x64_bin\jdk-17.0.9\bin\verify.dll
0x00007ffde0980000 - 0x00007ffde098a000 	C:\Windows\System32\rasadhlp.dll
0x00007ffde66b0000 - 0x00007ffde6731000 	C:\Windows\System32\fwpuclnt.dll
0x00007ffde91c0000 - 0x00007ffde91c8000 	C:\Windows\system32\wshunix.dll

dbghelp: loaded successfully - version: 4.0.5 - missing functions: none
symbol engine: initialized successfully - sym options: 0x614 - pdb path: .;C:\Program Files\Java\jdk-17.0.9_windows-x64_bin\jdk-17.0.9\bin;C:\Windows\SYSTEM32;C:\Windows\WinSxS\amd64_microsoft.windows.common-controls_6595b64144ccf1df_6.0.22000.120_none_9d947278b86cc467;C:\Program Files\Java\jdk-17.0.9_windows-x64_bin\jdk-17.0.9\bin\server;C:\Program Files\JetBrains\IntelliJ IDEA Community Edition 2023.3.2\bin

VM Arguments:
jvm_args: -javaagent:C:\Program Files\JetBrains\IntelliJ IDEA Community Edition 2023.3.2\lib\idea_rt.jar=55720:C:\Program Files\JetBrains\IntelliJ IDEA Community Edition 2023.3.2\bin -Dfile.encoding=UTF-8 
java_command: com.schedular.SchedularApplication
java_class_path (initial): F:\My Project\Inteliig idea project\schedular\schedular\target\classes;C:\Users\user\.m2\repository\org\springframework\boot\spring-boot-starter-data-jpa\3.2.4\spring-boot-starter-data-jpa-3.2.4.jar;C:\Users\user\.m2\repository\org\springframework\boot\spring-boot-starter-aop\3.2.4\spring-boot-starter-aop-3.2.4.jar;C:\Users\user\.m2\repository\org\aspectj\aspectjweaver\1.9.21\aspectjweaver-1.9.21.jar;C:\Users\user\.m2\repository\org\springframework\boot\spring-boot-starter-jdbc\3.2.4\spring-boot-starter-jdbc-3.2.4.jar;C:\Users\user\.m2\repository\com\zaxxer\HikariCP\5.0.1\HikariCP-5.0.1.jar;C:\Users\user\.m2\repository\org\springframework\spring-jdbc\6.1.5\spring-jdbc-6.1.5.jar;C:\Users\user\.m2\repository\org\hibernate\orm\hibernate-core\6.4.4.Final\hibernate-core-6.4.4.Final.jar;C:\Users\user\.m2\repository\jakarta\persistence\jakarta.persistence-api\3.1.0\jakarta.persistence-api-3.1.0.jar;C:\Users\user\.m2\repository\jakarta\transaction\jakarta.transaction-api\2.0.1\jakarta.transaction-api-2.0.1.jar;C:\Users\user\.m2\repository\org\jboss\logging\jboss-logging\3.5.3.Final\jboss-logging-3.5.3.Final.jar;C:\Users\user\.m2\repository\org\hibernate\common\hibernate-commons-annotations\6.0.6.Final\hibernate-commons-annotations-6.0.6.Final.jar;C:\Users\user\.m2\repository\io\smallrye\jandex\3.1.2\jandex-3.1.2.jar;C:\Users\user\.m2\repository\com\fasterxml\classmate\1.6.0\classmate-1.6.0.jar;C:\Users\user\.m2\repository\net\bytebuddy\byte-buddy\1.14.12\byte-buddy-1.14.12.jar;C:\Users\user\.m2\repository\org\glassfish\jaxb\jaxb-runtime\4.0.5\jaxb-runtime-4.0.5.jar;C:\Users\user\.m2\repository\org\glassfish\jaxb\jaxb-core\4.0.5\jaxb-core-4.0.5.jar;C:\Users\user\.m2\repository\org\eclipse\angus\angus-activation\2.0.2\angus-activation-2.0.2.jar;C:\Users\user\.m2\repository\org\glassfish\jaxb\txw2\4.0.5\txw2-4.0.5.jar;C:\Users\user\.m2\repository\com\sun\istack\istack-commons-runtime\4.1.2\istack-commons-runtime-4.1.2.jar;C:\Users\user\.m2\reposito
Launcher Type: SUN_STANDARD

[Global flags]
     intx CICompilerCount                          = 3                                         {product} {ergonomic}
     uint ConcGCThreads                            = 1                                         {product} {ergonomic}
     uint G1ConcRefinementThreads                  = 4                                         {product} {ergonomic}
   size_t G1HeapRegionSize                         = 1048576                                   {product} {ergonomic}
    uintx GCDrainStackTargetSize                   = 64                                        {product} {ergonomic}
   size_t InitialHeapSize                          = 67108864                                  {product} {ergonomic}
   size_t MarkStackSize                            = 4194304                                   {product} {ergonomic}
   size_t MaxHeapSize                              = 1050673152                                {product} {ergonomic}
   size_t MaxNewSize                               = 630194176                                 {product} {ergonomic}
   size_t MinHeapDeltaBytes                        = 1048576                                   {product} {ergonomic}
   size_t MinHeapSize                              = 8388608                                   {product} {ergonomic}
    uintx NonNMethodCodeHeapSize                   = 5832780                                {pd product} {ergonomic}
    uintx NonProfiledCodeHeapSize                  = 122912730                              {pd product} {ergonomic}
    uintx ProfiledCodeHeapSize                     = 122912730                              {pd product} {ergonomic}
    uintx ReservedCodeCacheSize                    = 251658240                              {pd product} {ergonomic}
     bool SegmentedCodeCache                       = true                                      {product} {ergonomic}
   size_t SoftMaxHeapSize                          = 1050673152                             {manageable} {ergonomic}
     bool UseCompressedClassPointers               = true                           {product lp64_product} {ergonomic}
     bool UseCompressedOops                        = true                           {product lp64_product} {ergonomic}
     bool UseG1GC                                  = true                                      {product} {ergonomic}
     bool UseLargePagesIndividualAllocation        = false                                  {pd product} {ergonomic}

Logging:
Log output configuration:
 #0: stdout all=warning uptime,level,tags
 #1: stderr all=off uptime,level,tags

Environment Variables:
PATH=C:\Program Files (x86)\Common Files\Oracle\Java\javapath;C:\Windows\system32;C:\Windows;C:\Windows\System32\Wbem;C:\Windows\System32\WindowsPowerShell\v1.0\;C:\Windows\System32\OpenSSH\;C:\Program Files\Git\cmd;C:\Program Files\MongoDB\Server\7.0\bin;F:\Software\mongosh-2.1.1-win32-x64\bin;C:\Program Files (x86)\PowerShell\7\;C:\Program Files\nodejs\;C:\Program Files\MySQL\MySQL Shell 8.0\bin\;C:\Users\user\AppData\Local\Microsoft\WindowsApps;C:\Users\user\AppData\Local\Programs\Microsoft VS Code\bin;C:\Users\user\AppData\Roaming\npm
USERNAME=user
OS=Windows_NT
PROCESSOR_IDENTIFIER=Intel64 Family 6 Model 69 Stepping 1, GenuineIntel



---------------  S Y S T E M  ---------------

OS:
 Windows 11 , 64 bit Build 22000 (10.0.22000.2538)
OS uptime: 12 days 22:39 hours

CPU: total 4 (initial active 4) (2 cores per cpu, 2 threads per core) family 6 model 69 stepping 1 microcode 0x26, cx8, cmov, fxsr, ht, mmx, sse, sse2, sse3, ssse3, sse4.1, sse4.2, popcnt, lzcnt, tsc, tscinvbit, avx, avx2, aes, erms, clmul, bmi1, bmi2, fma, vzeroupper, clflush

Memory: 4k page, system-wide physical 4000M (177M free)
TotalPageFile size 16288M (AvailPageFile size 3M)
current process WorkingSet (physical memory assigned to process): 214M, peak: 242M
current process commit charge ("private bytes"): 286M, peak: 302M

vm_info: Java HotSpot(TM) 64-Bit Server VM (17.0.9+11-LTS-201) for windows-amd64 JRE (17.0.9+11-LTS-201), built on Oct 10 2023 23:16:06 by "mach5one" with MS VC++ 17.1 (VS2022)

END.
